# JRE version: OpenJDK Runtime Environment Corretto-11.0.12.7.1 (11.0.12+7) (build 11.0.12+7-LTS)
# Java VM: OpenJDK 64-Bit Server VM Corretto-11.0.12.7.1 (11.0.12+7-LTS, mixed mode, tiered, compressed oops, g1 gc, windows-amd64)
Heap:
 garbage-first heap   total 262144K, used 124901K [0x00000000e0000000, 0x0000000100000000)
  region size 1024K, 108 young (110592K), 17 survivors (17408K)
 Metaspace       used 51798K, capacity 53378K, committed 53528K, reserved 301056K
  class space    used 6639K, capacity 7209K, committed 7296K, reserved 253952K
GC Heap History (16 events):
Event: 0.350 GC heap before
{Heap before GC invocations=0 (full 0):
 garbage-first heap   total 262144K, used 19456K [0x00000000e0000000, 0x0000000100000000)
  region size 1024K, 14 young (14336K), 0 survivors (0K)
 Metaspace       used 7400K, capacity 7583K, committed 7680K, reserved 262144K
  class space    used 672K, capacity 716K, committed 768K, reserved 253952K
}
Event: 0.354 GC heap after
{Heap after GC invocations=1 (full 0):
 garbage-first heap   total 262144K, used 8329K [0x00000000e0000000, 0x0000000100000000)
  region size 1024K, 2 young (2048K), 2 survivors (2048K)
 Metaspace       used 7400K, capacity 7583K, committed 7680K, reserved 262144K
  class space    used 672K, capacity 716K, committed 768K, reserved 253952K
}
Event: 0.603 GC heap before
{Heap before GC invocations=1 (full 0):
 garbage-first heap   total 262144K, used 20617K [0x00000000e0000000, 0x0000000100000000)
  region size 1024K, 14 young (14336K), 2 survivors (2048K)
 Metaspace       used 10510K, capacity 10709K, committed 11008K, reserved 264192K
  class space    used 1100K, capacity 1164K, committed 1280K, reserved 253952K
}
Event: 0.606 GC heap after
{Heap after GC invocations=2 (full 0):
 garbage-first heap   total 262144K, used 9121K [0x00000000e0000000, 0x0000000100000000)
  region size 1024K, 1 young (1024K), 1 survivors (1024K)
 Metaspace       used 10510K, capacity 10709K, committed 11008K, reserved 264192K
  class space    used 1100K, capacity 1164K, committed 1280K, reserved 253952K
}
Event: 0.943 GC heap before
{Heap before GC invocations=2 (full 0):
 garbage-first heap   total 262144K, used 39841K [0x00000000e0000000, 0x0000000100000000)
  region size 1024K, 31 young (31744K), 1 survivors (1024K)
 Metaspace       used 10692K, capacity 10901K, committed 11264K, reserved 264192K
  class space    used 1105K, capacity 1164K, committed 1280K, reserved 253952K
}
Event: 0.946 GC heap after
{Heap after GC invocations=3 (full 0):
 garbage-first heap   total 262144K, used 13260K [0x00000000e0000000, 0x0000000100000000)
  region size 1024K, 4 young (4096K), 4 survivors (4096K)
 Metaspace       used 10692K, capacity 10901K, committed 11264K, reserved 264192K
  class space    used 1105K, capacity 1164K, committed 1280K, reserved 253952K
}
Event: 1.796 GC heap before
{Heap before GC invocations=3 (full 0):
 garbage-first heap   total 262144K, used 57292K [0x00000000e0000000, 0x0000000100000000)
  region size 1024K, 47 young (48128K), 4 survivors (4096K)
 Metaspace       used 18703K, capacity 19102K, committed 19328K, reserved 272384K
  class space    used 2265K, capacity 2414K, committed 2432K, reserved 253952K
}
Event: 1.801 GC heap after
{Heap after GC invocations=4 (full 0):
 garbage-first heap   total 262144K, used 16052K [0x00000000e0000000, 0x0000000100000000)
  region size 1024K, 3 young (3072K), 3 survivors (3072K)
 Metaspace       used 18703K, capacity 19102K, committed 19328K, reserved 272384K
  class space    used 2265K, capacity 2414K, committed 2432K, reserved 253952K
}
Event: 1.955 GC heap before
{Heap before GC invocations=4 (full 0):
 garbage-first heap   total 262144K, used 27316K [0x00000000e0000000, 0x0000000100000000)
  region size 1024K, 15 young (15360K), 3 survivors (3072K)
 Metaspace       used 20614K, capacity 21098K, committed 21248K, reserved 272384K
  class space    used 2533K, capacity 2702K, committed 2816K, reserved 253952K
}
Event: 1.959 GC heap after
{Heap after GC invocations=5 (full 0):
 garbage-first heap   total 262144K, used 16471K [0x00000000e0000000, 0x0000000100000000)
  region size 1024K, 4 young (4096K), 4 survivors (4096K)
 Metaspace       used 20614K, capacity 21098K, committed 21248K, reserved 272384K
  class space    used 2533K, capacity 2702K, committed 2816K, reserved 253952K
}
Event: 2.699 GC heap before
{Heap before GC invocations=6 (full 0):
 garbage-first heap   total 262144K, used 76887K [0x00000000e0000000, 0x0000000100000000)
  region size 1024K, 63 young (64512K), 4 survivors (4096K)
 Metaspace       used 26621K, capacity 27215K, committed 27392K, reserved 278528K
  class space    used 3507K, capacity 3724K, committed 3840K, reserved 253952K
}
Event: 2.706 GC heap after
{Heap after GC invocations=7 (full 0):
 garbage-first heap   total 262144K, used 18682K [0x00000000e0000000, 0x0000000100000000)
  region size 1024K, 6 young (6144K), 6 survivors (6144K)
 Metaspace       used 26621K, capacity 27215K, committed 27392K, reserved 278528K
  class space    used 3507K, capacity 3724K, committed 3840K, reserved 253952K
}
Event: 3.408 GC heap before
{Heap before GC invocations=7 (full 0):
 garbage-first heap   total 262144K, used 67834K [0x00000000e0000000, 0x0000000100000000)
  region size 1024K, 56 young (57344K), 6 survivors (6144K)
 Metaspace       used 35067K, capacity 35761K, committed 35840K, reserved 286720K
  class space    used 4567K, capacity 4825K, committed 4864K, reserved 253952K
}
Event: 3.421 GC heap after
{Heap after GC invocations=8 (full 0):
 garbage-first heap   total 262144K, used 22381K [0x00000000e0000000, 0x0000000100000000)
  region size 1024K, 9 young (9216K), 9 survivors (9216K)
 Metaspace       used 35067K, capacity 35761K, committed 35840K, reserved 286720K
  class space    used 4567K, capacity 4825K, committed 4864K, reserved 253952K
}
Event: 5.750 GC heap before
{Heap before GC invocations=9 (full 0):
 garbage-first heap   total 262144K, used 174957K [0x00000000e0000000, 0x0000000100000000)
  region size 1024K, 153 young (156672K), 9 survivors (9216K)
 Metaspace       used 48317K, capacity 49574K, committed 49688K, reserved 296960K
  class space    used 6248K, capacity 6715K, committed 6784K, reserved 253952K
}
Event: 5.774 GC heap after
{Heap after GC invocations=10 (full 0):
 garbage-first heap   total 262144K, used 32741K [0x00000000e0000000, 0x0000000100000000)
  region size 1024K, 17 young (17408K), 17 survivors (17408K)
 Metaspace       used 48317K, capacity 49574K, committed 49688K, reserved 296960K
  class space    used 6248K, capacity 6715K, committed 6784K, reserved 253952K
}

