# JRE version: OpenJDK Runtime Environment Corretto-11.0.12.7.1 (11.0.12+7) (build 11.0.12+7-LTS)
# Java VM: OpenJDK 64-Bit Server VM Corretto-11.0.12.7.1 (11.0.12+7-LTS, mixed mode, tiered, compressed oops, g1 gc, windows-amd64)
Heap:
 garbage-first heap   total 262144K, used 110230K [0x00000000e0000000, 0x0000000100000000)
  region size 1024K, 64 young (65536K), 6 survivors (6144K)
 Metaspace       used 64209K, capacity 66190K, committed 66304K, reserved 311296K
  class space    used 8378K, capacity 9105K, committed 9216K, reserved 253952K
GC Heap History (20 events):
Event: 0.793 GC heap before
{Heap before GC invocations=1 (full 0):
 garbage-first heap   total 262144K, used 20492K [0x00000000e0000000, 0x0000000100000000)
  region size 1024K, 14 young (14336K), 2 survivors (2048K)
 Metaspace       used 10551K, capacity 10773K, committed 11008K, reserved 264192K
  class space    used 1101K, capacity 1164K, committed 1280K, reserved 253952K
}
Event: 0.796 GC heap after
{Heap after GC invocations=2 (full 0):
 garbage-first heap   total 262144K, used 9033K [0x00000000e0000000, 0x0000000100000000)
  region size 1024K, 1 young (1024K), 1 survivors (1024K)
 Metaspace       used 10551K, capacity 10773K, committed 11008K, reserved 264192K
  class space    used 1101K, capacity 1164K, committed 1280K, reserved 253952K
}
Event: 1.260 GC heap before
{Heap before GC invocations=2 (full 0):
 garbage-first heap   total 262144K, used 38729K [0x00000000e0000000, 0x0000000100000000)
  region size 1024K, 31 young (31744K), 1 survivors (1024K)
 Metaspace       used 10749K, capacity 10933K, committed 11264K, reserved 264192K
  class space    used 1109K, capacity 1196K, committed 1280K, reserved 253952K
}
Event: 1.263 GC heap after
{Heap after GC invocations=3 (full 0):
 garbage-first heap   total 262144K, used 13283K [0x00000000e0000000, 0x0000000100000000)
  region size 1024K, 4 young (4096K), 4 survivors (4096K)
 Metaspace       used 10749K, capacity 10933K, committed 11264K, reserved 264192K
  class space    used 1109K, capacity 1196K, committed 1280K, reserved 253952K
}
Event: 2.359 GC heap before
{Heap before GC invocations=3 (full 0):
 garbage-first heap   total 262144K, used 57315K [0x00000000e0000000, 0x0000000100000000)
  region size 1024K, 47 young (48128K), 4 survivors (4096K)
 Metaspace       used 18899K, capacity 19233K, committed 19328K, reserved 272384K
  class space    used 2275K, capacity 2415K, committed 2432K, reserved 253952K
}
Event: 2.366 GC heap after
{Heap after GC invocations=4 (full 0):
 garbage-first heap   total 262144K, used 15971K [0x00000000e0000000, 0x0000000100000000)
  region size 1024K, 3 young (3072K), 3 survivors (3072K)
 Metaspace       used 18899K, capacity 19233K, committed 19328K, reserved 272384K
  class space    used 2275K, capacity 2415K, committed 2432K, reserved 253952K
}
Event: 2.514 GC heap before
{Heap before GC invocations=4 (full 0):
 garbage-first heap   total 262144K, used 25187K [0x00000000e0000000, 0x0000000100000000)
  region size 1024K, 13 young (13312K), 3 survivors (3072K)
 Metaspace       used 20631K, capacity 21098K, committed 21248K, reserved 272384K
  class space    used 2534K, capacity 2702K, committed 2816K, reserved 253952K
}
Event: 2.520 GC heap after
{Heap after GC invocations=5 (full 0):
 garbage-first heap   total 262144K, used 16234K [0x00000000e0000000, 0x0000000100000000)
  region size 1024K, 3 young (3072K), 3 survivors (3072K)
 Metaspace       used 20631K, capacity 21098K, committed 21248K, reserved 272384K
  class space    used 2534K, capacity 2702K, committed 2816K, reserved 253952K
}
Event: 3.424 GC heap before
{Heap before GC invocations=6 (full 0):
 garbage-first heap   total 262144K, used 74602K [0x00000000e0000000, 0x0000000100000000)
  region size 1024K, 60 young (61440K), 3 survivors (3072K)
 Metaspace       used 26362K, capacity 26953K, committed 27136K, reserved 278528K
  class space    used 3473K, capacity 3723K, committed 3840K, reserved 253952K
}
Event: 3.436 GC heap after
{Heap after GC invocations=7 (full 0):
 garbage-first heap   total 262144K, used 18282K [0x00000000e0000000, 0x0000000100000000)
  region size 1024K, 5 young (5120K), 5 survivors (5120K)
 Metaspace       used 26362K, capacity 26953K, committed 27136K, reserved 278528K
  class space    used 3473K, capacity 3723K, committed 3840K, reserved 253952K
}
Event: 4.686 GC heap before
{Heap before GC invocations=7 (full 0):
 garbage-first heap   total 262144K, used 68458K [0x00000000e0000000, 0x0000000100000000)
  region size 1024K, 55 young (56320K), 5 survivors (5120K)
 Metaspace       used 35064K, capacity 35786K, committed 35840K, reserved 286720K
  class space    used 4566K, capacity 4855K, committed 4864K, reserved 253952K
}
Event: 4.698 GC heap after
{Heap after GC invocations=8 (full 0):
 garbage-first heap   total 262144K, used 22011K [0x00000000e0000000, 0x0000000100000000)
  region size 1024K, 9 young (9216K), 9 survivors (9216K)
 Metaspace       used 35064K, capacity 35786K, committed 35840K, reserved 286720K
  class space    used 4566K, capacity 4855K, committed 4864K, reserved 253952K
}
Event: 7.737 GC heap before
{Heap before GC invocations=9 (full 0):
 garbage-first heap   total 262144K, used 116219K [0x00000000e0000000, 0x0000000100000000)
  region size 1024K, 98 young (100352K), 9 survivors (9216K)
 Metaspace       used 42938K, capacity 43969K, committed 44032K, reserved 292864K
  class space    used 5509K, capacity 5876K, committed 5888K, reserved 253952K
}
Event: 7.759 GC heap after
{Heap after GC invocations=10 (full 0):
 garbage-first heap   total 262144K, used 27905K [0x00000000e0000000, 0x0000000100000000)
  region size 1024K, 12 young (12288K), 12 survivors (12288K)
 Metaspace       used 42938K, capacity 43969K, committed 44032K, reserved 292864K
  class space    used 5509K, capacity 5876K, committed 5888K, reserved 253952K
}
Event: 10.478 GC heap before
{Heap before GC invocations=10 (full 0):
 garbage-first heap   total 262144K, used 173313K [0x00000000e0000000, 0x0000000100000000)
  region size 1024K, 153 young (156672K), 12 survivors (12288K)
 Metaspace       used 51761K, capacity 53334K, committed 53632K, reserved 301056K
  class space    used 6627K, capacity 7174K, committed 7296K, reserved 253952K
}
Event: 10.520 GC heap after
{Heap after GC invocations=11 (full 0):
 garbage-first heap   total 262144K, used 46074K [0x00000000e0000000, 0x0000000100000000)
  region size 1024K, 20 young (20480K), 20 survivors (20480K)
 Metaspace       used 51761K, capacity 53334K, committed 53632K, reserved 301056K
  class space    used 6627K, capacity 7174K, committed 7296K, reserved 253952K
}
Event: 11.435 GC heap before
{Heap before GC invocations=11 (full 0):
 garbage-first heap   total 262144K, used 82938K [0x00000000e0000000, 0x0000000100000000)
  region size 1024K, 56 young (57344K), 20 survivors (20480K)
 Metaspace       used 54186K, capacity 55936K, committed 56064K, reserved 303104K
  class space    used 6974K, capacity 7598K, committed 7680K, reserved 253952K
}
Event: 11.463 GC heap after
{Heap after GC invocations=12 (full 0):
 garbage-first heap   total 262144K, used 50995K [0x00000000e0000000, 0x0000000100000000)
  region size 1024K, 5 young (5120K), 5 survivors (5120K)
 Metaspace       used 54186K, capacity 55936K, committed 56064K, reserved 303104K
  class space    used 6974K, capacity 7598K, committed 7680K, reserved 253952K
}
Event: 12.105 GC heap before
{Heap before GC invocations=12 (full 0):
 garbage-first heap   total 262144K, used 104243K [0x00000000e0000000, 0x0000000100000000)
  region size 1024K, 58 young (59392K), 5 survivors (5120K)
 Metaspace       used 58418K, capacity 60098K, committed 60160K, reserved 307200K
  class space    used 7545K, capacity 8174K, committed 8192K, reserved 253952K
}
Event: 12.116 GC heap after
{Heap after GC invocations=13 (full 0):
 garbage-first heap   total 262144K, used 51862K [0x00000000e0000000, 0x0000000100000000)
  region size 1024K, 6 young (6144K), 6 survivors (6144K)
 Metaspace       used 58418K, capacity 60098K, committed 60160K, reserved 307200K
  class space    used 7545K, capacity 8174K, committed 8192K, reserved 253952K
}

